-- Install configuration: ""
-- Up-to-date: /home/daniel/esda_bot/install/esda_bot/share/esda_bot/config
-- Up-to-date: /home/daniel/esda_bot/install/esda_bot/share/esda_bot/config/view_bot.rviz
-- Up-to-date: /home/daniel/esda_bot/install/esda_bot/share/esda_bot/config/empty.yaml
-- Up-to-date: /home/daniel/esda_bot/install/esda_bot/share/esda_bot/description
-- Up-to-date: /home/daniel/esda_bot/install/esda_bot/share/esda_bot/description/gazebo_control.xacro
-- Installing: /home/daniel/esda_bot/install/esda_bot/share/esda_bot/description/robot_core.xacro
-- Up-to-date: /home/daniel/esda_bot/install/esda_bot/share/esda_bot/description/inertial_macros.xacro
-- Up-to-date: /home/daniel/esda_bot/install/esda_bot/share/esda_bot/description/robot.urdf.xacro
-- Installing: /home/daniel/esda_bot/install/esda_bot/share/esda_bot/description/depth_camera.xacro
-- Installing: /home/daniel/esda_bot/install/esda_bot/share/esda_bot/description/camera.xacro
-- Up-to-date: /home/daniel/esda_bot/install/esda_bot/share/esda_bot/launch
-- Up-to-date: /home/daniel/esda_bot/install/esda_bot/share/esda_bot/launch/rsp.launch.py
-- Up-to-date: /home/daniel/esda_bot/install/esda_bot/share/esda_bot/launch/launch_sim.launch.py
-- Up-to-date: /home/daniel/esda_bot/install/esda_bot/share/esda_bot/worlds
-- Up-to-date: /home/daniel/esda_bot/install/esda_bot/share/esda_bot/worlds/empty.world
-- Up-to-date: /home/daniel/esda_bot/install/esda_bot/share/esda_bot/worlds/lucid_dream.world
-- Up-to-date: /home/daniel/esda_bot/install/esda_bot/share/esda_bot/urdf_asterius_v4
-- Up-to-date: /home/daniel/esda_bot/install/esda_bot/share/esda_bot/urdf_asterius_v4/velodyne_vlp16.part
-- Up-to-date: /home/daniel/esda_bot/install/esda_bot/share/esda_bot/urdf_asterius_v4/drve_middle.stl
-- Up-to-date: /home/daniel/esda_bot/install/esda_bot/share/esda_bot/urdf_asterius_v4/drve_arm_bracket.stl
-- Up-to-date: /home/daniel/esda_bot/install/esda_bot/share/esda_bot/urdf_asterius_v4/part_1.stl
-- Up-to-date: /home/daniel/esda_bot/install/esda_bot/share/esda_bot/urdf_asterius_v4/cstr_wheel_rim.part
-- Up-to-date: /home/daniel/esda_bot/install/esda_bot/share/esda_bot/urdf_asterius_v4/drve_top_plate.stl
-- Up-to-date: /home/daniel/esda_bot/install/esda_bot/share/esda_bot/urdf_asterius_v4/caster_arm_r.part
-- Up-to-date: /home/daniel/esda_bot/install/esda_bot/share/esda_bot/urdf_asterius_v4/bort_rim.part
-- Up-to-date: /home/daniel/esda_bot/install/esda_bot/share/esda_bot/urdf_asterius_v4/bort_tire.part
-- Up-to-date: /home/daniel/esda_bot/install/esda_bot/share/esda_bot/urdf_asterius_v4/arm_endcap.part
-- Up-to-date: /home/daniel/esda_bot/install/esda_bot/share/esda_bot/urdf_asterius_v4/fcid_body_right__configuration_ali_2mm.part
-- Up-to-date: /home/daniel/esda_bot/install/esda_bot/share/esda_bot/urdf_asterius_v4/fcid_rear__configuration_ali_2mm.stl
-- Up-to-date: /home/daniel/esda_bot/install/esda_bot/share/esda_bot/urdf_asterius_v4/zed2_ip_outer_with_lens_v8__2.stl
-- Up-to-date: /home/daniel/esda_bot/install/esda_bot/share/esda_bot/urdf_asterius_v4/drve_middle.part
-- Up-to-date: /home/daniel/esda_bot/install/esda_bot/share/esda_bot/urdf_asterius_v4/fcid_welded_body__configuration_ali_2mm.part
-- Up-to-date: /home/daniel/esda_bot/install/esda_bot/share/esda_bot/urdf_asterius_v4/caster_arm_r.stl
-- Up-to-date: /home/daniel/esda_bot/install/esda_bot/share/esda_bot/urdf_asterius_v4/fcid_body_left__configuration_ali_2mm.stl
-- Up-to-date: /home/daniel/esda_bot/install/esda_bot/share/esda_bot/urdf_asterius_v4/zed2_ip_outer_with_lens_v8__3.stl
-- Up-to-date: /home/daniel/esda_bot/install/esda_bot/share/esda_bot/urdf_asterius_v4/optic__2.stl
-- Up-to-date: /home/daniel/esda_bot/install/esda_bot/share/esda_bot/urdf_asterius_v4/fcid_gps_fin.stl
-- Up-to-date: /home/daniel/esda_bot/install/esda_bot/share/esda_bot/urdf_asterius_v4/drve_output_carrier.stl
-- Up-to-date: /home/daniel/esda_bot/install/esda_bot/share/esda_bot/urdf_asterius_v4/part_1.part
-- Up-to-date: /home/daniel/esda_bot/install/esda_bot/share/esda_bot/urdf_asterius_v4/bearing_spacer.part
-- Up-to-date: /home/daniel/esda_bot/install/esda_bot/share/esda_bot/urdf_asterius_v4/fcid_body_right__configuration_ali_2mm.stl
-- Up-to-date: /home/daniel/esda_bot/install/esda_bot/share/esda_bot/urdf_asterius_v4/cstr_wheel_rim.stl
-- Up-to-date: /home/daniel/esda_bot/install/esda_bot/share/esda_bot/urdf_asterius_v4/drve_bottom_plate.part
-- Up-to-date: /home/daniel/esda_bot/install/esda_bot/share/esda_bot/urdf_asterius_v4/cstr_wheel_tyre.part
-- Up-to-date: /home/daniel/esda_bot/install/esda_bot/share/esda_bot/urdf_asterius_v4/fcid_lidar_fin.part
-- Up-to-date: /home/daniel/esda_bot/install/esda_bot/share/esda_bot/urdf_asterius_v4/drve_top_plate.part
-- Up-to-date: /home/daniel/esda_bot/install/esda_bot/share/esda_bot/urdf_asterius_v4/fcid_body_left__configuration_ali_2mm.part
-- Up-to-date: /home/daniel/esda_bot/install/esda_bot/share/esda_bot/urdf_asterius_v4/optic__2.part
-- Up-to-date: /home/daniel/esda_bot/install/esda_bot/share/esda_bot/urdf_asterius_v4/optic.part
-- Up-to-date: /home/daniel/esda_bot/install/esda_bot/share/esda_bot/urdf_asterius_v4/drve_arm_bracket.part
-- Up-to-date: /home/daniel/esda_bot/install/esda_bot/share/esda_bot/urdf_asterius_v4/robot.urdf
-- Up-to-date: /home/daniel/esda_bot/install/esda_bot/share/esda_bot/urdf_asterius_v4/drve_output_carrier.part
-- Up-to-date: /home/daniel/esda_bot/install/esda_bot/share/esda_bot/urdf_asterius_v4/fcid_divider__configuration_ali_2mm.stl
-- Up-to-date: /home/daniel/esda_bot/install/esda_bot/share/esda_bot/urdf_asterius_v4/fcid_rear__configuration_ali_2mm.part
-- Up-to-date: /home/daniel/esda_bot/install/esda_bot/share/esda_bot/urdf_asterius_v4/drve_bottom_plate.stl
-- Up-to-date: /home/daniel/esda_bot/install/esda_bot/share/esda_bot/urdf_asterius_v4/optic__3.part
-- Up-to-date: /home/daniel/esda_bot/install/esda_bot/share/esda_bot/urdf_asterius_v4/zed2_ip_outer_with_lens_v8__3.part
-- Up-to-date: /home/daniel/esda_bot/install/esda_bot/share/esda_bot/urdf_asterius_v4/fcid_camera_mount.part
-- Up-to-date: /home/daniel/esda_bot/install/esda_bot/share/esda_bot/urdf_asterius_v4/arm_rhs.part
-- Up-to-date: /home/daniel/esda_bot/install/esda_bot/share/esda_bot/urdf_asterius_v4/bort_motor.stl
-- Up-to-date: /home/daniel/esda_bot/install/esda_bot/share/esda_bot/urdf_asterius_v4/bearing_spacer.stl
-- Up-to-date: /home/daniel/esda_bot/install/esda_bot/share/esda_bot/urdf_asterius_v4/fcid_divider_mount__configuration_ali_2mm.part
-- Up-to-date: /home/daniel/esda_bot/install/esda_bot/share/esda_bot/urdf_asterius_v4/bort_tire.stl
-- Up-to-date: /home/daniel/esda_bot/install/esda_bot/share/esda_bot/urdf_asterius_v4/cstr_wheel_tyre.stl
-- Up-to-date: /home/daniel/esda_bot/install/esda_bot/share/esda_bot/urdf_asterius_v4/zed2_ip_outer_with_lens_v8.part
-- Up-to-date: /home/daniel/esda_bot/install/esda_bot/share/esda_bot/urdf_asterius_v4/fcid_lid__configuration_ali_2mm.stl
-- Up-to-date: /home/daniel/esda_bot/install/esda_bot/share/esda_bot/urdf_asterius_v4/fcid_lid__configuration_ali_2mm.part
-- Up-to-date: /home/daniel/esda_bot/install/esda_bot/share/esda_bot/urdf_asterius_v4/optic__4.stl
-- Up-to-date: /home/daniel/esda_bot/install/esda_bot/share/esda_bot/urdf_asterius_v4/bort_motor.part
-- Up-to-date: /home/daniel/esda_bot/install/esda_bot/share/esda_bot/urdf_asterius_v4/arm_endcap.stl
-- Up-to-date: /home/daniel/esda_bot/install/esda_bot/share/esda_bot/urdf_asterius_v4/arm_rhs.stl
-- Up-to-date: /home/daniel/esda_bot/install/esda_bot/share/esda_bot/urdf_asterius_v4/fcid_divider__configuration_ali_2mm.part
-- Up-to-date: /home/daniel/esda_bot/install/esda_bot/share/esda_bot/urdf_asterius_v4/zed2_ip_outer_with_lens_v8__2.part
-- Up-to-date: /home/daniel/esda_bot/install/esda_bot/share/esda_bot/urdf_asterius_v4/fcid_lidar_fin.stl
-- Up-to-date: /home/daniel/esda_bot/install/esda_bot/share/esda_bot/urdf_asterius_v4/velodyne_vlp16.stl
-- Up-to-date: /home/daniel/esda_bot/install/esda_bot/share/esda_bot/urdf_asterius_v4/fcid_camera_mount.stl
-- Up-to-date: /home/daniel/esda_bot/install/esda_bot/share/esda_bot/urdf_asterius_v4/bort_rim.stl
-- Up-to-date: /home/daniel/esda_bot/install/esda_bot/share/esda_bot/urdf_asterius_v4/fcid_welded_body__configuration_ali_2mm.stl
-- Up-to-date: /home/daniel/esda_bot/install/esda_bot/share/esda_bot/urdf_asterius_v4/optic.stl
-- Up-to-date: /home/daniel/esda_bot/install/esda_bot/share/esda_bot/urdf_asterius_v4/fcid_gps_fin.part
-- Up-to-date: /home/daniel/esda_bot/install/esda_bot/share/esda_bot/urdf_asterius_v4/optic__4.part
-- Up-to-date: /home/daniel/esda_bot/install/esda_bot/share/esda_bot/urdf_asterius_v4/zed2_ip_outer_with_lens_v8.stl
-- Up-to-date: /home/daniel/esda_bot/install/esda_bot/share/esda_bot/urdf_asterius_v4/fcid_divider_mount__configuration_ali_2mm.stl
-- Up-to-date: /home/daniel/esda_bot/install/esda_bot/share/esda_bot/urdf_asterius_v4/optic__3.stl
-- Up-to-date: /home/daniel/esda_bot/install/esda_bot/share/ament_index/resource_index/package_run_dependencies/esda_bot
-- Up-to-date: /home/daniel/esda_bot/install/esda_bot/share/ament_index/resource_index/parent_prefix_path/esda_bot
-- Up-to-date: /home/daniel/esda_bot/install/esda_bot/share/esda_bot/environment/ament_prefix_path.sh
-- Up-to-date: /home/daniel/esda_bot/install/esda_bot/share/esda_bot/environment/ament_prefix_path.dsv
-- Up-to-date: /home/daniel/esda_bot/install/esda_bot/share/esda_bot/environment/path.sh
-- Up-to-date: /home/daniel/esda_bot/install/esda_bot/share/esda_bot/environment/path.dsv
-- Up-to-date: /home/daniel/esda_bot/install/esda_bot/share/esda_bot/local_setup.bash
-- Up-to-date: /home/daniel/esda_bot/install/esda_bot/share/esda_bot/local_setup.sh
-- Up-to-date: /home/daniel/esda_bot/install/esda_bot/share/esda_bot/local_setup.zsh
-- Up-to-date: /home/daniel/esda_bot/install/esda_bot/share/esda_bot/local_setup.dsv
-- Up-to-date: /home/daniel/esda_bot/install/esda_bot/share/esda_bot/package.dsv
-- Up-to-date: /home/daniel/esda_bot/install/esda_bot/share/ament_index/resource_index/packages/esda_bot
-- Up-to-date: /home/daniel/esda_bot/install/esda_bot/share/esda_bot/cmake/esda_botConfig.cmake
-- Up-to-date: /home/daniel/esda_bot/install/esda_bot/share/esda_bot/cmake/esda_botConfig-version.cmake
-- Up-to-date: /home/daniel/esda_bot/install/esda_bot/share/esda_bot/package.xml
