[0.077s] DEBUG:colcon:Command line arguments: ['/usr/bin/colcon', 'build']
[0.077s] DEBUG:colcon:Parsed command line arguments: Namespace(log_base=None, log_level=None, verb_name='build', build_base='build', install_base='install', merge_install=False, symlink_install=False, test_result_base=None, continue_on_error=False, executor='parallel', parallel_workers=20, event_handlers=None, ignore_user_meta=False, metas=['./colcon.meta'], base_paths=['.'], packages_ignore=None, packages_ignore_regex=None, paths=None, packages_up_to=None, packages_up_to_regex=None, packages_above=None, packages_above_and_dependencies=None, packages_above_depth=None, packages_select_by_dep=None, packages_skip_by_dep=None, packages_skip_up_to=None, packages_select_build_failed=False, packages_skip_build_finished=False, packages_select_test_failures=False, packages_skip_test_passed=False, packages_select=None, packages_skip=None, packages_select_regex=None, packages_skip_regex=None, packages_start=None, packages_end=None, allow_overriding=[], cmake_args=None, cmake_target=None, cmake_target_skip_unavailable=False, cmake_clean_cache=False, cmake_clean_first=False, cmake_force_configure=False, ament_cmake_args=None, catkin_cmake_args=None, catkin_skip_building_tests=False, verb_parser=<colcon_defaults.argument_parser.defaults.DefaultArgumentsDecorator object at 0x749f2732fdf0>, verb_extension=<colcon_core.verb.build.BuildVerb object at 0x749f274750c0>, main=<bound method BuildVerb.main of <colcon_core.verb.build.BuildVerb object at 0x749f274750c0>>)
[0.187s] Level 1:colcon.colcon_core.package_discovery:discover_packages(colcon_meta) check parameters
[0.187s] Level 1:colcon.colcon_core.package_discovery:discover_packages(recursive) check parameters
[0.187s] Level 1:colcon.colcon_core.package_discovery:discover_packages(ignore) check parameters
[0.187s] Level 1:colcon.colcon_core.package_discovery:discover_packages(path) check parameters
[0.187s] Level 1:colcon.colcon_core.package_discovery:discover_packages(colcon_meta) discover
[0.187s] Level 1:colcon.colcon_core.package_discovery:discover_packages(recursive) discover
[0.187s] INFO:colcon.colcon_core.package_discovery:Crawling recursively for packages in '/home/daniel/esda_bot'
[0.187s] Level 1:colcon.colcon_core.package_identification:_identify(.) by extensions ['ignore', 'ignore_ament_install']
[0.188s] Level 1:colcon.colcon_core.package_identification:_identify(.) by extension 'ignore'
[0.188s] Level 1:colcon.colcon_core.package_identification:_identify(.) by extension 'ignore_ament_install'
[0.188s] Level 1:colcon.colcon_core.package_identification:_identify(.) by extensions ['colcon_pkg']
[0.188s] Level 1:colcon.colcon_core.package_identification:_identify(.) by extension 'colcon_pkg'
[0.188s] Level 1:colcon.colcon_core.package_identification:_identify(.) by extensions ['colcon_meta']
[0.188s] Level 1:colcon.colcon_core.package_identification:_identify(.) by extension 'colcon_meta'
[0.188s] Level 1:colcon.colcon_core.package_identification:_identify(.) by extensions ['ros']
[0.188s] Level 1:colcon.colcon_core.package_identification:_identify(.) by extension 'ros'
[0.209s] DEBUG:colcon.colcon_core.package_identification:Package '.' with type 'ros.ament_cmake' and name 'esda_bot'
[0.209s] Level 1:colcon.colcon_core.package_discovery:discover_packages(recursive) using defaults
[0.209s] Level 1:colcon.colcon_core.package_discovery:discover_packages(ignore) discover
[0.209s] Level 1:colcon.colcon_core.package_discovery:discover_packages(ignore) using defaults
[0.209s] Level 1:colcon.colcon_core.package_discovery:discover_packages(path) discover
[0.209s] Level 1:colcon.colcon_core.package_discovery:discover_packages(path) using defaults
[0.231s] Level 1:colcon.colcon_core.package_discovery:discover_packages(prefix_path) check parameters
[0.231s] Level 1:colcon.colcon_core.package_discovery:discover_packages(prefix_path) discover
[0.233s] DEBUG:colcon.colcon_installed_package_information.package_discovery:Found 1 installed packages in /home/daniel/ros2_ws/install
[0.234s] DEBUG:colcon.colcon_installed_package_information.package_discovery:Found 388 installed packages in /opt/ros/humble
[0.235s] Level 1:colcon.colcon_core.package_discovery:discover_packages(prefix_path) using defaults
[0.264s] Level 5:colcon.colcon_core.verb:set package 'esda_bot' build argument 'cmake_args' from command line to 'None'
[0.264s] Level 5:colcon.colcon_core.verb:set package 'esda_bot' build argument 'cmake_target' from command line to 'None'
[0.264s] Level 5:colcon.colcon_core.verb:set package 'esda_bot' build argument 'cmake_target_skip_unavailable' from command line to 'False'
[0.264s] Level 5:colcon.colcon_core.verb:set package 'esda_bot' build argument 'cmake_clean_cache' from command line to 'False'
[0.264s] Level 5:colcon.colcon_core.verb:set package 'esda_bot' build argument 'cmake_clean_first' from command line to 'False'
[0.264s] Level 5:colcon.colcon_core.verb:set package 'esda_bot' build argument 'cmake_force_configure' from command line to 'False'
[0.264s] Level 5:colcon.colcon_core.verb:set package 'esda_bot' build argument 'ament_cmake_args' from command line to 'None'
[0.264s] Level 5:colcon.colcon_core.verb:set package 'esda_bot' build argument 'catkin_cmake_args' from command line to 'None'
[0.264s] Level 5:colcon.colcon_core.verb:set package 'esda_bot' build argument 'catkin_skip_building_tests' from command line to 'False'
[0.264s] DEBUG:colcon.colcon_core.verb:Building package 'esda_bot' with the following arguments: {'ament_cmake_args': None, 'build_base': '/home/daniel/esda_bot/build/esda_bot', 'catkin_cmake_args': None, 'catkin_skip_building_tests': False, 'cmake_args': None, 'cmake_clean_cache': False, 'cmake_clean_first': False, 'cmake_force_configure': False, 'cmake_target': None, 'cmake_target_skip_unavailable': False, 'install_base': '/home/daniel/esda_bot/install/esda_bot', 'merge_install': False, 'path': '/home/daniel/esda_bot', 'symlink_install': False, 'test_result_base': None}
[0.264s] INFO:colcon.colcon_core.executor:Executing jobs using 'parallel' executor
[0.265s] DEBUG:colcon.colcon_parallel_executor.executor.parallel:run_until_complete
[0.265s] INFO:colcon.colcon_ros.task.ament_cmake.build:Building ROS package in '/home/daniel/esda_bot' with build type 'ament_cmake'
[0.265s] INFO:colcon.colcon_cmake.task.cmake.build:Building CMake package in '/home/daniel/esda_bot'
[0.267s] INFO:colcon.colcon_core.plugin_system:Skipping extension 'colcon_core.shell.bat': Not used on non-Windows systems
[0.267s] INFO:colcon.colcon_core.shell:Skip shell extension 'powershell' for command environment: Not usable outside of PowerShell
[0.267s] DEBUG:colcon.colcon_core.shell:Skip shell extension 'dsv' for command environment
[0.274s] DEBUG:colcon.colcon_core.event_handler.log_command:Invoking command in '/home/daniel/esda_bot/build/esda_bot': CMAKE_PREFIX_PATH=/home/daniel/ros2_ws/install/my_new_robot_controller:/opt/ros/humble /usr/bin/cmake /home/daniel/esda_bot -DCMAKE_INSTALL_PREFIX=/home/daniel/esda_bot/install/esda_bot
[1.002s] DEBUG:colcon.colcon_core.event_handler.log_command:Invoked command in '/home/daniel/esda_bot/build/esda_bot' returned '0': CMAKE_PREFIX_PATH=/home/daniel/ros2_ws/install/my_new_robot_controller:/opt/ros/humble /usr/bin/cmake /home/daniel/esda_bot -DCMAKE_INSTALL_PREFIX=/home/daniel/esda_bot/install/esda_bot
[1.002s] DEBUG:colcon.colcon_core.event_handler.log_command:Invoking command in '/home/daniel/esda_bot/build/esda_bot': CMAKE_PREFIX_PATH=/home/daniel/ros2_ws/install/my_new_robot_controller:/opt/ros/humble /usr/bin/cmake --build /home/daniel/esda_bot/build/esda_bot -- -j20 -l20
[1.040s] DEBUG:colcon.colcon_core.event_handler.log_command:Invoked command in '/home/daniel/esda_bot/build/esda_bot' returned '0': CMAKE_PREFIX_PATH=/home/daniel/ros2_ws/install/my_new_robot_controller:/opt/ros/humble /usr/bin/cmake --build /home/daniel/esda_bot/build/esda_bot -- -j20 -l20
[1.053s] DEBUG:colcon.colcon_core.event_handler.log_command:Invoking command in '/home/daniel/esda_bot/build/esda_bot': CMAKE_PREFIX_PATH=/home/daniel/ros2_ws/install/my_new_robot_controller:/opt/ros/humble /usr/bin/cmake --install /home/daniel/esda_bot/build/esda_bot
[1.085s] Level 1:colcon.colcon_core.environment:create_environment_scripts_only(esda_bot)
[1.086s] DEBUG:colcon.colcon_core.event_handler.log_command:Invoked command in '/home/daniel/esda_bot/build/esda_bot' returned '0': CMAKE_PREFIX_PATH=/home/daniel/ros2_ws/install/my_new_robot_controller:/opt/ros/humble /usr/bin/cmake --install /home/daniel/esda_bot/build/esda_bot
[1.091s] Level 1:colcon.colcon_core.environment:checking '/home/daniel/esda_bot/install/esda_bot' for CMake module files
[1.092s] Level 1:colcon.colcon_core.environment:checking '/home/daniel/esda_bot/install/esda_bot' for CMake config files
[1.092s] Level 1:colcon.colcon_core.shell:create_environment_hook('esda_bot', 'cmake_prefix_path')
[1.092s] INFO:colcon.colcon_core.shell:Creating environment hook '/home/daniel/esda_bot/install/esda_bot/share/esda_bot/hook/cmake_prefix_path.ps1'
[1.093s] INFO:colcon.colcon_core.shell:Creating environment descriptor '/home/daniel/esda_bot/install/esda_bot/share/esda_bot/hook/cmake_prefix_path.dsv'
[1.094s] INFO:colcon.colcon_core.shell:Creating environment hook '/home/daniel/esda_bot/install/esda_bot/share/esda_bot/hook/cmake_prefix_path.sh'
[1.095s] Level 1:colcon.colcon_core.environment:checking '/home/daniel/esda_bot/install/esda_bot/bin'
[1.095s] Level 1:colcon.colcon_core.environment:checking '/home/daniel/esda_bot/install/esda_bot/lib/pkgconfig/esda_bot.pc'
[1.096s] Level 1:colcon.colcon_core.environment:checking '/home/daniel/esda_bot/install/esda_bot/lib/python3.10/site-packages'
[1.096s] Level 1:colcon.colcon_core.environment:checking '/home/daniel/esda_bot/install/esda_bot/bin'
[1.096s] INFO:colcon.colcon_core.shell:Creating package script '/home/daniel/esda_bot/install/esda_bot/share/esda_bot/package.ps1'
[1.098s] INFO:colcon.colcon_core.shell:Creating package descriptor '/home/daniel/esda_bot/install/esda_bot/share/esda_bot/package.dsv'
[1.099s] INFO:colcon.colcon_core.shell:Creating package script '/home/daniel/esda_bot/install/esda_bot/share/esda_bot/package.sh'
[1.099s] INFO:colcon.colcon_core.shell:Creating package script '/home/daniel/esda_bot/install/esda_bot/share/esda_bot/package.bash'
[1.100s] INFO:colcon.colcon_core.shell:Creating package script '/home/daniel/esda_bot/install/esda_bot/share/esda_bot/package.zsh'
[1.101s] Level 1:colcon.colcon_core.environment:create_file_with_runtime_dependencies(/home/daniel/esda_bot/install/esda_bot/share/colcon-core/packages/esda_bot)
[1.102s] Level 1:colcon.colcon_core.environment:create_environment_scripts_only(esda_bot)
[1.102s] Level 1:colcon.colcon_core.environment:checking '/home/daniel/esda_bot/install/esda_bot' for CMake module files
[1.103s] Level 1:colcon.colcon_core.environment:checking '/home/daniel/esda_bot/install/esda_bot' for CMake config files
[1.103s] Level 1:colcon.colcon_core.shell:create_environment_hook('esda_bot', 'cmake_prefix_path')
[1.104s] INFO:colcon.colcon_core.shell:Creating environment hook '/home/daniel/esda_bot/install/esda_bot/share/esda_bot/hook/cmake_prefix_path.ps1'
[1.104s] INFO:colcon.colcon_core.shell:Creating environment descriptor '/home/daniel/esda_bot/install/esda_bot/share/esda_bot/hook/cmake_prefix_path.dsv'
[1.105s] INFO:colcon.colcon_core.shell:Creating environment hook '/home/daniel/esda_bot/install/esda_bot/share/esda_bot/hook/cmake_prefix_path.sh'
[1.105s] Level 1:colcon.colcon_core.environment:checking '/home/daniel/esda_bot/install/esda_bot/bin'
[1.105s] Level 1:colcon.colcon_core.environment:checking '/home/daniel/esda_bot/install/esda_bot/lib/pkgconfig/esda_bot.pc'
[1.105s] Level 1:colcon.colcon_core.environment:checking '/home/daniel/esda_bot/install/esda_bot/lib/python3.10/site-packages'
[1.105s] Level 1:colcon.colcon_core.environment:checking '/home/daniel/esda_bot/install/esda_bot/bin'
[1.106s] INFO:colcon.colcon_core.shell:Creating package script '/home/daniel/esda_bot/install/esda_bot/share/esda_bot/package.ps1'
[1.106s] INFO:colcon.colcon_core.shell:Creating package descriptor '/home/daniel/esda_bot/install/esda_bot/share/esda_bot/package.dsv'
[1.106s] INFO:colcon.colcon_core.shell:Creating package script '/home/daniel/esda_bot/install/esda_bot/share/esda_bot/package.sh'
[1.107s] INFO:colcon.colcon_core.shell:Creating package script '/home/daniel/esda_bot/install/esda_bot/share/esda_bot/package.bash'
[1.107s] INFO:colcon.colcon_core.shell:Creating package script '/home/daniel/esda_bot/install/esda_bot/share/esda_bot/package.zsh'
[1.108s] Level 1:colcon.colcon_core.environment:create_file_with_runtime_dependencies(/home/daniel/esda_bot/install/esda_bot/share/colcon-core/packages/esda_bot)
[1.108s] DEBUG:colcon.colcon_parallel_executor.executor.parallel:closing loop
[1.109s] DEBUG:colcon.colcon_parallel_executor.executor.parallel:loop closed
[1.109s] DEBUG:colcon.colcon_parallel_executor.executor.parallel:run_until_complete finished with '0'
[1.109s] DEBUG:colcon.colcon_core.event_reactor:joining thread
[1.121s] INFO:colcon.colcon_core.plugin_system:Skipping extension 'colcon_notification.desktop_notification.terminal_notifier': Not used on non-Darwin systems
[1.122s] INFO:colcon.colcon_core.plugin_system:Skipping extension 'colcon_notification.desktop_notification.win32': Not used on non-Windows systems
[1.122s] INFO:colcon.colcon_notification.desktop_notification:Sending desktop notification using 'notify2'
[1.148s] DEBUG:colcon.colcon_core.event_reactor:joined thread
[1.149s] INFO:colcon.colcon_core.shell:Creating prefix script '/home/daniel/esda_bot/install/local_setup.ps1'
[1.150s] INFO:colcon.colcon_core.shell:Creating prefix util module '/home/daniel/esda_bot/install/_local_setup_util_ps1.py'
[1.151s] INFO:colcon.colcon_core.shell:Creating prefix chain script '/home/daniel/esda_bot/install/setup.ps1'
[1.152s] INFO:colcon.colcon_core.shell:Creating prefix script '/home/daniel/esda_bot/install/local_setup.sh'
[1.153s] INFO:colcon.colcon_core.shell:Creating prefix util module '/home/daniel/esda_bot/install/_local_setup_util_sh.py'
[1.153s] INFO:colcon.colcon_core.shell:Creating prefix chain script '/home/daniel/esda_bot/install/setup.sh'
[1.154s] INFO:colcon.colcon_core.shell:Creating prefix script '/home/daniel/esda_bot/install/local_setup.bash'
[1.155s] INFO:colcon.colcon_core.shell:Creating prefix chain script '/home/daniel/esda_bot/install/setup.bash'
[1.155s] INFO:colcon.colcon_core.shell:Creating prefix script '/home/daniel/esda_bot/install/local_setup.zsh'
[1.156s] INFO:colcon.colcon_core.shell:Creating prefix chain script '/home/daniel/esda_bot/install/setup.zsh'
