[0.105s] DEBUG:colcon:Command line arguments: ['/usr/bin/colcon', 'build']
[0.105s] DEBUG:colcon:Parsed command line arguments: Namespace(log_base=None, log_level=None, verb_name='build', build_base='build', install_base='install', merge_install=False, symlink_install=False, test_result_base=None, continue_on_error=False, executor='parallel', parallel_workers=20, event_handlers=None, ignore_user_meta=False, metas=['./colcon.meta'], base_paths=['.'], packages_ignore=None, packages_ignore_regex=None, paths=None, packages_up_to=None, packages_up_to_regex=None, packages_above=None, packages_above_and_dependencies=None, packages_above_depth=None, packages_select_by_dep=None, packages_skip_by_dep=None, packages_skip_up_to=None, packages_select_build_failed=False, packages_skip_build_finished=False, packages_select_test_failures=False, packages_skip_test_passed=False, packages_select=None, packages_skip=None, packages_select_regex=None, packages_skip_regex=None, packages_start=None, packages_end=None, allow_overriding=[], cmake_args=None, cmake_target=None, cmake_target_skip_unavailable=False, cmake_clean_cache=False, cmake_clean_first=False, cmake_force_configure=False, ament_cmake_args=None, catkin_cmake_args=None, catkin_skip_building_tests=False, verb_parser=<colcon_defaults.argument_parser.defaults.DefaultArgumentsDecorator object at 0x703ccc8d7e20>, verb_extension=<colcon_core.verb.build.BuildVerb object at 0x703ccca650f0>, main=<bound method BuildVerb.main of <colcon_core.verb.build.BuildVerb object at 0x703ccca650f0>>)
[0.279s] Level 1:colcon.colcon_core.package_discovery:discover_packages(colcon_meta) check parameters
[0.279s] Level 1:colcon.colcon_core.package_discovery:discover_packages(recursive) check parameters
[0.279s] Level 1:colcon.colcon_core.package_discovery:discover_packages(ignore) check parameters
[0.279s] Level 1:colcon.colcon_core.package_discovery:discover_packages(path) check parameters
[0.279s] Level 1:colcon.colcon_core.package_discovery:discover_packages(colcon_meta) discover
[0.279s] Level 1:colcon.colcon_core.package_discovery:discover_packages(recursive) discover
[0.280s] INFO:colcon.colcon_core.package_discovery:Crawling recursively for packages in '/home/daniel/esda_bot'
[0.280s] Level 1:colcon.colcon_core.package_identification:_identify(.) by extensions ['ignore', 'ignore_ament_install']
[0.280s] Level 1:colcon.colcon_core.package_identification:_identify(.) by extension 'ignore'
[0.280s] Level 1:colcon.colcon_core.package_identification:_identify(.) by extension 'ignore_ament_install'
[0.280s] Level 1:colcon.colcon_core.package_identification:_identify(.) by extensions ['colcon_pkg']
[0.280s] Level 1:colcon.colcon_core.package_identification:_identify(.) by extension 'colcon_pkg'
[0.280s] Level 1:colcon.colcon_core.package_identification:_identify(.) by extensions ['colcon_meta']
[0.280s] Level 1:colcon.colcon_core.package_identification:_identify(.) by extension 'colcon_meta'
[0.280s] Level 1:colcon.colcon_core.package_identification:_identify(.) by extensions ['ros']
[0.280s] Level 1:colcon.colcon_core.package_identification:_identify(.) by extension 'ros'
[0.294s] DEBUG:colcon.colcon_core.package_identification:Package '.' with type 'ros.ament_cmake' and name 'esda_bot'
[0.294s] Level 1:colcon.colcon_core.package_discovery:discover_packages(recursive) using defaults
[0.294s] Level 1:colcon.colcon_core.package_discovery:discover_packages(ignore) discover
[0.294s] Level 1:colcon.colcon_core.package_discovery:discover_packages(ignore) using defaults
[0.294s] Level 1:colcon.colcon_core.package_discovery:discover_packages(path) discover
[0.294s] Level 1:colcon.colcon_core.package_discovery:discover_packages(path) using defaults
[0.324s] Level 1:colcon.colcon_core.package_discovery:discover_packages(prefix_path) check parameters
[0.324s] Level 1:colcon.colcon_core.package_discovery:discover_packages(prefix_path) discover
[0.326s] DEBUG:colcon.colcon_installed_package_information.package_discovery:Found 1 installed packages in /home/daniel/esda_bot/install
[0.326s] DEBUG:colcon.colcon_installed_package_information.package_discovery:Found 1 installed packages in /home/daniel/ros2_ws/install
[0.327s] DEBUG:colcon.colcon_installed_package_information.package_discovery:Found 388 installed packages in /opt/ros/humble
[0.329s] Level 1:colcon.colcon_core.package_discovery:discover_packages(prefix_path) using defaults
[0.374s] Level 5:colcon.colcon_core.verb:set package 'esda_bot' build argument 'cmake_args' from command line to 'None'
[0.374s] Level 5:colcon.colcon_core.verb:set package 'esda_bot' build argument 'cmake_target' from command line to 'None'
[0.374s] Level 5:colcon.colcon_core.verb:set package 'esda_bot' build argument 'cmake_target_skip_unavailable' from command line to 'False'
[0.374s] Level 5:colcon.colcon_core.verb:set package 'esda_bot' build argument 'cmake_clean_cache' from command line to 'False'
[0.374s] Level 5:colcon.colcon_core.verb:set package 'esda_bot' build argument 'cmake_clean_first' from command line to 'False'
[0.374s] Level 5:colcon.colcon_core.verb:set package 'esda_bot' build argument 'cmake_force_configure' from command line to 'False'
[0.374s] Level 5:colcon.colcon_core.verb:set package 'esda_bot' build argument 'ament_cmake_args' from command line to 'None'
[0.374s] Level 5:colcon.colcon_core.verb:set package 'esda_bot' build argument 'catkin_cmake_args' from command line to 'None'
[0.374s] Level 5:colcon.colcon_core.verb:set package 'esda_bot' build argument 'catkin_skip_building_tests' from command line to 'False'
[0.374s] DEBUG:colcon.colcon_core.verb:Building package 'esda_bot' with the following arguments: {'ament_cmake_args': None, 'build_base': '/home/daniel/esda_bot/build/esda_bot', 'catkin_cmake_args': None, 'catkin_skip_building_tests': False, 'cmake_args': None, 'cmake_clean_cache': False, 'cmake_clean_first': False, 'cmake_force_configure': False, 'cmake_target': None, 'cmake_target_skip_unavailable': False, 'install_base': '/home/daniel/esda_bot/install/esda_bot', 'merge_install': False, 'path': '/home/daniel/esda_bot', 'symlink_install': False, 'test_result_base': None}
[0.375s] INFO:colcon.colcon_core.executor:Executing jobs using 'parallel' executor
[0.376s] DEBUG:colcon.colcon_parallel_executor.executor.parallel:run_until_complete
[0.376s] INFO:colcon.colcon_ros.task.ament_cmake.build:Building ROS package in '/home/daniel/esda_bot' with build type 'ament_cmake'
[0.376s] INFO:colcon.colcon_cmake.task.cmake.build:Building CMake package in '/home/daniel/esda_bot'
[0.378s] INFO:colcon.colcon_core.plugin_system:Skipping extension 'colcon_core.shell.bat': Not used on non-Windows systems
[0.378s] INFO:colcon.colcon_core.shell:Skip shell extension 'powershell' for command environment: Not usable outside of PowerShell
[0.378s] DEBUG:colcon.colcon_core.shell:Skip shell extension 'dsv' for command environment
[0.390s] DEBUG:colcon.colcon_core.event_handler.log_command:Invoking command in '/home/daniel/esda_bot/build/esda_bot': CMAKE_PREFIX_PATH=${CMAKE_PREFIX_PATH}:/home/daniel/ros2_ws/install/my_new_robot_controller:/opt/ros/humble /usr/bin/cmake --build /home/daniel/esda_bot/build/esda_bot -- -j20 -l20
[0.463s] DEBUG:colcon.colcon_core.event_handler.log_command:Invoked command in '/home/daniel/esda_bot/build/esda_bot' returned '0': CMAKE_PREFIX_PATH=${CMAKE_PREFIX_PATH}:/home/daniel/ros2_ws/install/my_new_robot_controller:/opt/ros/humble /usr/bin/cmake --build /home/daniel/esda_bot/build/esda_bot -- -j20 -l20
[0.491s] DEBUG:colcon.colcon_core.event_handler.log_command:Invoking command in '/home/daniel/esda_bot/build/esda_bot': CMAKE_PREFIX_PATH=${CMAKE_PREFIX_PATH}:/home/daniel/ros2_ws/install/my_new_robot_controller:/opt/ros/humble /usr/bin/cmake --install /home/daniel/esda_bot/build/esda_bot
[0.527s] Level 1:colcon.colcon_core.environment:create_environment_scripts_only(esda_bot)
[0.553s] DEBUG:colcon.colcon_core.event_handler.log_command:Invoked command in '/home/daniel/esda_bot/build/esda_bot' returned '0': CMAKE_PREFIX_PATH=${CMAKE_PREFIX_PATH}:/home/daniel/ros2_ws/install/my_new_robot_controller:/opt/ros/humble /usr/bin/cmake --install /home/daniel/esda_bot/build/esda_bot
[0.557s] Level 1:colcon.colcon_core.environment:checking '/home/daniel/esda_bot/install/esda_bot' for CMake module files
[0.559s] Level 1:colcon.colcon_core.environment:checking '/home/daniel/esda_bot/install/esda_bot' for CMake config files
[0.560s] Level 1:colcon.colcon_core.shell:create_environment_hook('esda_bot', 'cmake_prefix_path')
[0.561s] INFO:colcon.colcon_core.shell:Creating environment hook '/home/daniel/esda_bot/install/esda_bot/share/esda_bot/hook/cmake_prefix_path.ps1'
[0.564s] INFO:colcon.colcon_core.shell:Creating environment descriptor '/home/daniel/esda_bot/install/esda_bot/share/esda_bot/hook/cmake_prefix_path.dsv'
[0.566s] INFO:colcon.colcon_core.shell:Creating environment hook '/home/daniel/esda_bot/install/esda_bot/share/esda_bot/hook/cmake_prefix_path.sh'
[0.570s] Level 1:colcon.colcon_core.environment:checking '/home/daniel/esda_bot/install/esda_bot/bin'
[0.570s] Level 1:colcon.colcon_core.environment:checking '/home/daniel/esda_bot/install/esda_bot/lib/pkgconfig/esda_bot.pc'
[0.571s] Level 1:colcon.colcon_core.environment:checking '/home/daniel/esda_bot/install/esda_bot/lib/python3.10/site-packages'
[0.572s] Level 1:colcon.colcon_core.environment:checking '/home/daniel/esda_bot/install/esda_bot/bin'
[0.573s] INFO:colcon.colcon_core.shell:Creating package script '/home/daniel/esda_bot/install/esda_bot/share/esda_bot/package.ps1'
[0.577s] INFO:colcon.colcon_core.shell:Creating package descriptor '/home/daniel/esda_bot/install/esda_bot/share/esda_bot/package.dsv'
[0.579s] INFO:colcon.colcon_core.shell:Creating package script '/home/daniel/esda_bot/install/esda_bot/share/esda_bot/package.sh'
[0.581s] INFO:colcon.colcon_core.shell:Creating package script '/home/daniel/esda_bot/install/esda_bot/share/esda_bot/package.bash'
[0.583s] INFO:colcon.colcon_core.shell:Creating package script '/home/daniel/esda_bot/install/esda_bot/share/esda_bot/package.zsh'
[0.585s] Level 1:colcon.colcon_core.environment:create_file_with_runtime_dependencies(/home/daniel/esda_bot/install/esda_bot/share/colcon-core/packages/esda_bot)
[0.586s] Level 1:colcon.colcon_core.environment:create_environment_scripts_only(esda_bot)
[0.587s] Level 1:colcon.colcon_core.environment:checking '/home/daniel/esda_bot/install/esda_bot' for CMake module files
[0.588s] Level 1:colcon.colcon_core.environment:checking '/home/daniel/esda_bot/install/esda_bot' for CMake config files
[0.589s] Level 1:colcon.colcon_core.shell:create_environment_hook('esda_bot', 'cmake_prefix_path')
[0.589s] INFO:colcon.colcon_core.shell:Creating environment hook '/home/daniel/esda_bot/install/esda_bot/share/esda_bot/hook/cmake_prefix_path.ps1'
[0.590s] INFO:colcon.colcon_core.shell:Creating environment descriptor '/home/daniel/esda_bot/install/esda_bot/share/esda_bot/hook/cmake_prefix_path.dsv'
[0.591s] INFO:colcon.colcon_core.shell:Creating environment hook '/home/daniel/esda_bot/install/esda_bot/share/esda_bot/hook/cmake_prefix_path.sh'
[0.593s] Level 1:colcon.colcon_core.environment:checking '/home/daniel/esda_bot/install/esda_bot/bin'
[0.593s] Level 1:colcon.colcon_core.environment:checking '/home/daniel/esda_bot/install/esda_bot/lib/pkgconfig/esda_bot.pc'
[0.594s] Level 1:colcon.colcon_core.environment:checking '/home/daniel/esda_bot/install/esda_bot/lib/python3.10/site-packages'
[0.594s] Level 1:colcon.colcon_core.environment:checking '/home/daniel/esda_bot/install/esda_bot/bin'
[0.595s] INFO:colcon.colcon_core.shell:Creating package script '/home/daniel/esda_bot/install/esda_bot/share/esda_bot/package.ps1'
[0.597s] INFO:colcon.colcon_core.shell:Creating package descriptor '/home/daniel/esda_bot/install/esda_bot/share/esda_bot/package.dsv'
[0.599s] INFO:colcon.colcon_core.shell:Creating package script '/home/daniel/esda_bot/install/esda_bot/share/esda_bot/package.sh'
[0.600s] INFO:colcon.colcon_core.shell:Creating package script '/home/daniel/esda_bot/install/esda_bot/share/esda_bot/package.bash'
[0.601s] INFO:colcon.colcon_core.shell:Creating package script '/home/daniel/esda_bot/install/esda_bot/share/esda_bot/package.zsh'
[0.602s] Level 1:colcon.colcon_core.environment:create_file_with_runtime_dependencies(/home/daniel/esda_bot/install/esda_bot/share/colcon-core/packages/esda_bot)
[0.602s] DEBUG:colcon.colcon_parallel_executor.executor.parallel:closing loop
[0.604s] DEBUG:colcon.colcon_parallel_executor.executor.parallel:loop closed
[0.604s] DEBUG:colcon.colcon_parallel_executor.executor.parallel:run_until_complete finished with '0'
[0.604s] DEBUG:colcon.colcon_core.event_reactor:joining thread
[0.616s] INFO:colcon.colcon_core.plugin_system:Skipping extension 'colcon_notification.desktop_notification.terminal_notifier': Not used on non-Darwin systems
[0.617s] INFO:colcon.colcon_core.plugin_system:Skipping extension 'colcon_notification.desktop_notification.win32': Not used on non-Windows systems
[0.617s] INFO:colcon.colcon_notification.desktop_notification:Sending desktop notification using 'notify2'
[0.647s] DEBUG:colcon.colcon_core.event_reactor:joined thread
[0.647s] INFO:colcon.colcon_core.shell:Creating prefix script '/home/daniel/esda_bot/install/local_setup.ps1'
[0.650s] INFO:colcon.colcon_core.shell:Creating prefix util module '/home/daniel/esda_bot/install/_local_setup_util_ps1.py'
[0.654s] INFO:colcon.colcon_core.shell:Creating prefix chain script '/home/daniel/esda_bot/install/setup.ps1'
[0.656s] INFO:colcon.colcon_core.shell:Creating prefix script '/home/daniel/esda_bot/install/local_setup.sh'
[0.659s] INFO:colcon.colcon_core.shell:Creating prefix util module '/home/daniel/esda_bot/install/_local_setup_util_sh.py'
[0.661s] INFO:colcon.colcon_core.shell:Creating prefix chain script '/home/daniel/esda_bot/install/setup.sh'
[0.663s] INFO:colcon.colcon_core.shell:Creating prefix script '/home/daniel/esda_bot/install/local_setup.bash'
[0.664s] INFO:colcon.colcon_core.shell:Creating prefix chain script '/home/daniel/esda_bot/install/setup.bash'
[0.667s] INFO:colcon.colcon_core.shell:Creating prefix script '/home/daniel/esda_bot/install/local_setup.zsh'
[0.668s] INFO:colcon.colcon_core.shell:Creating prefix chain script '/home/daniel/esda_bot/install/setup.zsh'
