[0.007s] Invoking command in '/home/daniel/esda_bot/build/esda_bot': CMAKE_PREFIX_PATH=${CMAKE_PREFIX_PATH}:/home/daniel/ros2_ws/install/my_new_robot_controller:/opt/ros/humble /usr/bin/cmake --build /home/daniel/esda_bot/build/esda_bot -- -j20 -l20
[0.048s] Invoked command in '/home/daniel/esda_bot/build/esda_bot' returned '0': CMAKE_PREFIX_PATH=${CMAKE_PREFIX_PATH}:/home/daniel/ros2_ws/install/my_new_robot_controller:/opt/ros/humble /usr/bin/cmake --build /home/daniel/esda_bot/build/esda_bot -- -j20 -l20
[0.059s] Invoking command in '/home/daniel/esda_bot/build/esda_bot': CMAKE_PREFIX_PATH=${CMAKE_PREFIX_PATH}:/home/daniel/ros2_ws/install/my_new_robot_controller:/opt/ros/humble /usr/bin/cmake --install /home/daniel/esda_bot/build/esda_bot
[0.068s] -- Install configuration: ""
[0.068s] -- Up-to-date: /home/daniel/esda_bot/install/esda_bot/share/esda_bot/config
[0.068s] -- Up-to-date: /home/daniel/esda_bot/install/esda_bot/share/esda_bot/config/view_bot.rviz
[0.068s] -- Up-to-date: /home/daniel/esda_bot/install/esda_bot/share/esda_bot/config/empty.yaml
[0.068s] -- Up-to-date: /home/daniel/esda_bot/install/esda_bot/share/esda_bot/description
[0.069s] -- Up-to-date: /home/daniel/esda_bot/install/esda_bot/share/esda_bot/description/gazebo_control.xacro
[0.069s] -- Up-to-date: /home/daniel/esda_bot/install/esda_bot/share/esda_bot/description/robot_core.xacro
[0.069s] -- Up-to-date: /home/daniel/esda_bot/install/esda_bot/share/esda_bot/description/inertial_macros.xacro
[0.069s] -- Up-to-date: /home/daniel/esda_bot/install/esda_bot/share/esda_bot/description/robot.urdf.xacro
[0.069s] -- Up-to-date: /home/daniel/esda_bot/install/esda_bot/share/esda_bot/description/depth_camera.xacro
[0.069s] -- Installing: /home/daniel/esda_bot/install/esda_bot/share/esda_bot/description/camera.xacro
[0.069s] -- Up-to-date: /home/daniel/esda_bot/install/esda_bot/share/esda_bot/launch
[0.069s] -- Up-to-date: /home/daniel/esda_bot/install/esda_bot/share/esda_bot/launch/rsp.launch.py
[0.069s] -- Up-to-date: /home/daniel/esda_bot/install/esda_bot/share/esda_bot/launch/launch_sim.launch.py
[0.069s] -- Up-to-date: /home/daniel/esda_bot/install/esda_bot/share/esda_bot/worlds
[0.069s] -- Up-to-date: /home/daniel/esda_bot/install/esda_bot/share/esda_bot/worlds/empty.world
[0.069s] -- Up-to-date: /home/daniel/esda_bot/install/esda_bot/share/esda_bot/worlds/lucid_dream.world
[0.069s] -- Up-to-date: /home/daniel/esda_bot/install/esda_bot/share/esda_bot/urdf_asterius_v4
[0.069s] -- Up-to-date: /home/daniel/esda_bot/install/esda_bot/share/esda_bot/urdf_asterius_v4/velodyne_vlp16.part
[0.070s] -- Up-to-date: /home/daniel/esda_bot/install/esda_bot/share/esda_bot/urdf_asterius_v4/drve_middle.stl
[0.070s] -- Up-to-date: /home/daniel/esda_bot/install/esda_bot/share/esda_bot/urdf_asterius_v4/drve_arm_bracket.stl
[0.070s] -- Up-to-date: /home/daniel/esda_bot/install/esda_bot/share/esda_bot/urdf_asterius_v4/part_1.stl
[0.070s] -- Up-to-date: /home/daniel/esda_bot/install/esda_bot/share/esda_bot/urdf_asterius_v4/cstr_wheel_rim.part
[0.070s] -- Up-to-date: /home/daniel/esda_bot/install/esda_bot/share/esda_bot/urdf_asterius_v4/drve_top_plate.stl
[0.070s] -- Up-to-date: /home/daniel/esda_bot/install/esda_bot/share/esda_bot/urdf_asterius_v4/caster_arm_r.part
[0.070s] -- Up-to-date: /home/daniel/esda_bot/install/esda_bot/share/esda_bot/urdf_asterius_v4/bort_rim.part
[0.070s] -- Up-to-date: /home/daniel/esda_bot/install/esda_bot/share/esda_bot/urdf_asterius_v4/bort_tire.part
[0.070s] -- Up-to-date: /home/daniel/esda_bot/install/esda_bot/share/esda_bot/urdf_asterius_v4/arm_endcap.part
[0.070s] -- Up-to-date: /home/daniel/esda_bot/install/esda_bot/share/esda_bot/urdf_asterius_v4/fcid_body_right__configuration_ali_2mm.part
[0.070s] -- Up-to-date: /home/daniel/esda_bot/install/esda_bot/share/esda_bot/urdf_asterius_v4/fcid_rear__configuration_ali_2mm.stl
[0.070s] -- Up-to-date: /home/daniel/esda_bot/install/esda_bot/share/esda_bot/urdf_asterius_v4/zed2_ip_outer_with_lens_v8__2.stl
[0.070s] -- Up-to-date: /home/daniel/esda_bot/install/esda_bot/share/esda_bot/urdf_asterius_v4/drve_middle.part
[0.070s] -- Up-to-date: /home/daniel/esda_bot/install/esda_bot/share/esda_bot/urdf_asterius_v4/fcid_welded_body__configuration_ali_2mm.part
[0.070s] -- Up-to-date: /home/daniel/esda_bot/install/esda_bot/share/esda_bot/urdf_asterius_v4/caster_arm_r.stl
[0.071s] -- Up-to-date: /home/daniel/esda_bot/install/esda_bot/share/esda_bot/urdf_asterius_v4/fcid_body_left__configuration_ali_2mm.stl
[0.071s] -- Up-to-date: /home/daniel/esda_bot/install/esda_bot/share/esda_bot/urdf_asterius_v4/zed2_ip_outer_with_lens_v8__3.stl
[0.071s] -- Up-to-date: /home/daniel/esda_bot/install/esda_bot/share/esda_bot/urdf_asterius_v4/optic__2.stl
[0.071s] -- Up-to-date: /home/daniel/esda_bot/install/esda_bot/share/esda_bot/urdf_asterius_v4/fcid_gps_fin.stl
[0.071s] -- Up-to-date: /home/daniel/esda_bot/install/esda_bot/share/esda_bot/urdf_asterius_v4/drve_output_carrier.stl
[0.071s] -- Up-to-date: /home/daniel/esda_bot/install/esda_bot/share/esda_bot/urdf_asterius_v4/part_1.part
[0.071s] -- Up-to-date: /home/daniel/esda_bot/install/esda_bot/share/esda_bot/urdf_asterius_v4/bearing_spacer.part
[0.071s] -- Up-to-date: /home/daniel/esda_bot/install/esda_bot/share/esda_bot/urdf_asterius_v4/fcid_body_right__configuration_ali_2mm.stl
[0.071s] -- Up-to-date: /home/daniel/esda_bot/install/esda_bot/share/esda_bot/urdf_asterius_v4/cstr_wheel_rim.stl
[0.071s] -- Up-to-date: /home/daniel/esda_bot/install/esda_bot/share/esda_bot/urdf_asterius_v4/drve_bottom_plate.part
[0.071s] -- Up-to-date: /home/daniel/esda_bot/install/esda_bot/share/esda_bot/urdf_asterius_v4/cstr_wheel_tyre.part
[0.071s] -- Up-to-date: /home/daniel/esda_bot/install/esda_bot/share/esda_bot/urdf_asterius_v4/fcid_lidar_fin.part
[0.071s] -- Up-to-date: /home/daniel/esda_bot/install/esda_bot/share/esda_bot/urdf_asterius_v4/drve_top_plate.part
[0.071s] -- Up-to-date: /home/daniel/esda_bot/install/esda_bot/share/esda_bot/urdf_asterius_v4/fcid_body_left__configuration_ali_2mm.part
[0.071s] -- Up-to-date: /home/daniel/esda_bot/install/esda_bot/share/esda_bot/urdf_asterius_v4/optic__2.part
[0.071s] -- Up-to-date: /home/daniel/esda_bot/install/esda_bot/share/esda_bot/urdf_asterius_v4/optic.part
[0.071s] -- Up-to-date: /home/daniel/esda_bot/install/esda_bot/share/esda_bot/urdf_asterius_v4/drve_arm_bracket.part
[0.071s] -- Up-to-date: /home/daniel/esda_bot/install/esda_bot/share/esda_bot/urdf_asterius_v4/robot.urdf
[0.072s] -- Up-to-date: /home/daniel/esda_bot/install/esda_bot/share/esda_bot/urdf_asterius_v4/drve_output_carrier.part
[0.072s] -- Up-to-date: /home/daniel/esda_bot/install/esda_bot/share/esda_bot/urdf_asterius_v4/fcid_divider__configuration_ali_2mm.stl
[0.072s] -- Up-to-date: /home/daniel/esda_bot/install/esda_bot/share/esda_bot/urdf_asterius_v4/fcid_rear__configuration_ali_2mm.part
[0.072s] -- Up-to-date: /home/daniel/esda_bot/install/esda_bot/share/esda_bot/urdf_asterius_v4/drve_bottom_plate.stl
[0.072s] -- Up-to-date: /home/daniel/esda_bot/install/esda_bot/share/esda_bot/urdf_asterius_v4/optic__3.part
[0.072s] -- Up-to-date: /home/daniel/esda_bot/install/esda_bot/share/esda_bot/urdf_asterius_v4/zed2_ip_outer_with_lens_v8__3.part
[0.072s] -- Up-to-date: /home/daniel/esda_bot/install/esda_bot/share/esda_bot/urdf_asterius_v4/fcid_camera_mount.part
[0.072s] -- Up-to-date: /home/daniel/esda_bot/install/esda_bot/share/esda_bot/urdf_asterius_v4/arm_rhs.part
[0.072s] -- Up-to-date: /home/daniel/esda_bot/install/esda_bot/share/esda_bot/urdf_asterius_v4/bort_motor.stl
[0.072s] -- Up-to-date: /home/daniel/esda_bot/install/esda_bot/share/esda_bot/urdf_asterius_v4/bearing_spacer.stl
[0.072s] -- Up-to-date: /home/daniel/esda_bot/install/esda_bot/share/esda_bot/urdf_asterius_v4/fcid_divider_mount__configuration_ali_2mm.part
[0.072s] -- Up-to-date: /home/daniel/esda_bot/install/esda_bot/share/esda_bot/urdf_asterius_v4/bort_tire.stl
[0.072s] -- Up-to-date: /home/daniel/esda_bot/install/esda_bot/share/esda_bot/urdf_asterius_v4/cstr_wheel_tyre.stl
[0.072s] -- Up-to-date: /home/daniel/esda_bot/install/esda_bot/share/esda_bot/urdf_asterius_v4/zed2_ip_outer_with_lens_v8.part
[0.072s] -- Up-to-date: /home/daniel/esda_bot/install/esda_bot/share/esda_bot/urdf_asterius_v4/fcid_lid__configuration_ali_2mm.stl
[0.072s] -- Up-to-date: /home/daniel/esda_bot/install/esda_bot/share/esda_bot/urdf_asterius_v4/fcid_lid__configuration_ali_2mm.part
[0.072s] -- Up-to-date: /home/daniel/esda_bot/install/esda_bot/share/esda_bot/urdf_asterius_v4/optic__4.stl
[0.072s] -- Up-to-date: /home/daniel/esda_bot/install/esda_bot/share/esda_bot/urdf_asterius_v4/bort_motor.part
[0.073s] -- Up-to-date: /home/daniel/esda_bot/install/esda_bot/share/esda_bot/urdf_asterius_v4/arm_endcap.stl
[0.073s] -- Up-to-date: /home/daniel/esda_bot/install/esda_bot/share/esda_bot/urdf_asterius_v4/arm_rhs.stl
[0.073s] -- Up-to-date: /home/daniel/esda_bot/install/esda_bot/share/esda_bot/urdf_asterius_v4/fcid_divider__configuration_ali_2mm.part
[0.073s] -- Up-to-date: /home/daniel/esda_bot/install/esda_bot/share/esda_bot/urdf_asterius_v4/zed2_ip_outer_with_lens_v8__2.part
[0.073s] -- Up-to-date: /home/daniel/esda_bot/install/esda_bot/share/esda_bot/urdf_asterius_v4/fcid_lidar_fin.stl
[0.073s] -- Up-to-date: /home/daniel/esda_bot/install/esda_bot/share/esda_bot/urdf_asterius_v4/velodyne_vlp16.stl
[0.073s] -- Up-to-date: /home/daniel/esda_bot/install/esda_bot/share/esda_bot/urdf_asterius_v4/fcid_camera_mount.stl
[0.073s] -- Up-to-date: /home/daniel/esda_bot/install/esda_bot/share/esda_bot/urdf_asterius_v4/bort_rim.stl
[0.073s] -- Up-to-date: /home/daniel/esda_bot/install/esda_bot/share/esda_bot/urdf_asterius_v4/fcid_welded_body__configuration_ali_2mm.stl
[0.073s] -- Up-to-date: /home/daniel/esda_bot/install/esda_bot/share/esda_bot/urdf_asterius_v4/optic.stl
[0.073s] -- Up-to-date: /home/daniel/esda_bot/install/esda_bot/share/esda_bot/urdf_asterius_v4/fcid_gps_fin.part
[0.073s] -- Up-to-date: /home/daniel/esda_bot/install/esda_bot/share/esda_bot/urdf_asterius_v4/optic__4.part
[0.074s] -- Up-to-date: /home/daniel/esda_bot/install/esda_bot/share/esda_bot/urdf_asterius_v4/zed2_ip_outer_with_lens_v8.stl
[0.074s] -- Up-to-date: /home/daniel/esda_bot/install/esda_bot/share/esda_bot/urdf_asterius_v4/fcid_divider_mount__configuration_ali_2mm.stl
[0.074s] -- Up-to-date: /home/daniel/esda_bot/install/esda_bot/share/esda_bot/urdf_asterius_v4/optic__3.stl
[0.074s] -- Up-to-date: /home/daniel/esda_bot/install/esda_bot/share/ament_index/resource_index/package_run_dependencies/esda_bot
[0.074s] -- Up-to-date: /home/daniel/esda_bot/install/esda_bot/share/ament_index/resource_index/parent_prefix_path/esda_bot
[0.074s] -- Up-to-date: /home/daniel/esda_bot/install/esda_bot/share/esda_bot/environment/ament_prefix_path.sh
[0.074s] -- Up-to-date: /home/daniel/esda_bot/install/esda_bot/share/esda_bot/environment/ament_prefix_path.dsv
[0.074s] -- Up-to-date: /home/daniel/esda_bot/install/esda_bot/share/esda_bot/environment/path.sh
[0.074s] -- Up-to-date: /home/daniel/esda_bot/install/esda_bot/share/esda_bot/environment/path.dsv
[0.074s] -- Up-to-date: /home/daniel/esda_bot/install/esda_bot/share/esda_bot/local_setup.bash
[0.074s] -- Up-to-date: /home/daniel/esda_bot/install/esda_bot/share/esda_bot/local_setup.sh
[0.074s] -- Up-to-date: /home/daniel/esda_bot/install/esda_bot/share/esda_bot/local_setup.zsh
[0.074s] -- Up-to-date: /home/daniel/esda_bot/install/esda_bot/share/esda_bot/local_setup.dsv
[0.074s] -- Installing: /home/daniel/esda_bot/install/esda_bot/share/esda_bot/package.dsv
[0.074s] -- Up-to-date: /home/daniel/esda_bot/install/esda_bot/share/ament_index/resource_index/packages/esda_bot
[0.074s] -- Up-to-date: /home/daniel/esda_bot/install/esda_bot/share/esda_bot/cmake/esda_botConfig.cmake
[0.075s] -- Up-to-date: /home/daniel/esda_bot/install/esda_bot/share/esda_bot/cmake/esda_botConfig-version.cmake
[0.075s] -- Up-to-date: /home/daniel/esda_bot/install/esda_bot/share/esda_bot/package.xml
[0.075s] Invoked command in '/home/daniel/esda_bot/build/esda_bot' returned '0': CMAKE_PREFIX_PATH=${CMAKE_PREFIX_PATH}:/home/daniel/ros2_ws/install/my_new_robot_controller:/opt/ros/humble /usr/bin/cmake --install /home/daniel/esda_bot/build/esda_bot
